[ 2026-01-23 22:58:22,082 ] 1025 httpx - INFO - HTTP Request: GET https://dagshub.com/api/v1/user "HTTP/1.1 200 OK"
[ 2026-01-23 22:58:22,089 ] 107 dagshub - INFO - Accessing as MxSAAHIL
[ 2026-01-23 22:58:22,794 ] 1025 httpx - INFO - HTTP Request: GET https://dagshub.com/api/v1/repos/MxSAAHIL/Network-security "HTTP/1.1 200 OK"
[ 2026-01-23 22:58:23,885 ] 1025 httpx - INFO - HTTP Request: GET https://dagshub.com/api/v1/user "HTTP/1.1 200 OK"
[ 2026-01-23 22:58:23,885 ] 107 dagshub - INFO - Initialized MLflow to track repo "MxSAAHIL/Network-security"
[ 2026-01-23 22:58:23,885 ] 107 dagshub - INFO - Repository MxSAAHIL/Network-security initialized!
[ 2026-01-23 22:58:25,772 ] 20 root - INFO - Initiate the data ingestion
[ 2026-01-23 22:58:29,184 ] 65 root - INFO - Performed train test split on the dataframe
[ 2026-01-23 22:58:29,184 ] 67 root - INFO - Exited split_data_as_train_test method of Data_Ingestion class
[ 2026-01-23 22:58:29,184 ] 75 root - INFO - Exporting train and test file path.
[ 2026-01-23 22:58:29,239 ] 84 root - INFO - Exported train and test file path.
[ 2026-01-23 22:58:29,239 ] 22 root - INFO - Data Initiation Completed
[ 2026-01-23 22:58:29,256 ] 26 root - INFO - Initiate the data Validation
[ 2026-01-23 22:58:29,328 ] 32 root - INFO - Required number of columns:2
[ 2026-01-23 22:58:29,329 ] 33 root - INFO - Data frame has columns:31
[ 2026-01-23 22:58:29,329 ] 32 root - INFO - Required number of columns:2
[ 2026-01-23 22:58:29,329 ] 33 root - INFO - Data frame has columns:31
[ 2026-01-23 22:58:29,484 ] 28 root - INFO - data Validation Completed
[ 2026-01-23 22:58:29,484 ] 31 root - INFO - data Transformation started
[ 2026-01-23 22:58:29,484 ] 63 root - INFO - Entered initiate_data_transformation method of DataTransformation class
[ 2026-01-23 22:58:29,485 ] 65 root - INFO - Starting data transformation
[ 2026-01-23 22:58:29,506 ] 48 root - INFO - Entered get_data_trnasformer_object method of Trnasformation class
[ 2026-01-23 22:58:29,506 ] 53 root - INFO - Initialise KNNImputer with {'missing_values': nan, 'n_neighbors': 3, 'weights': 'uniform'}
[ 2026-01-23 22:58:29,520 ] 46 root - INFO - Entered the save_object method of MainUtils class
[ 2026-01-23 22:58:29,524 ] 50 root - INFO - Exited the save_object method of MainUtils class
[ 2026-01-23 22:58:29,524 ] 46 root - INFO - Entered the save_object method of MainUtils class
[ 2026-01-23 22:58:29,527 ] 50 root - INFO - Exited the save_object method of MainUtils class
[ 2026-01-23 22:58:29,528 ] 35 root - INFO - data Transformation completed
[ 2026-01-23 22:58:29,528 ] 37 root - INFO - Model Training sstared
[ 2026-01-23 22:59:12,737 ] 46 root - INFO - Entered the save_object method of MainUtils class
[ 2026-01-23 22:59:12,763 ] 50 root - INFO - Exited the save_object method of MainUtils class
[ 2026-01-23 22:59:12,764 ] 46 root - INFO - Entered the save_object method of MainUtils class
[ 2026-01-23 22:59:12,785 ] 50 root - INFO - Exited the save_object method of MainUtils class
[ 2026-01-23 22:59:12,786 ] 150 root - INFO - Model trainer artifact: ModelTrainerArtifact(trained_model_file_path='Artifacts\\01_23_2026_22_58_15\\model_trainer\\trained_model\\model.pkl', train_metric_artifact=ClassificationMetricArtifact(f1_score=0.990555499136793, precision_score=0.9880470016207455, recall_score=0.9930767664426797), test_metric_artifact=ClassificationMetricArtifact(f1_score=0.9776, precision_score=0.9744816586921851, recall_score=0.9807383627608347))
[ 2026-01-23 22:59:12,788 ] 42 root - INFO - Model Training artifact created
