[ 2026-01-26 14:52:23,434 ] 1025 httpx - INFO - HTTP Request: GET https://dagshub.com/api/v1/user "HTTP/1.1 200 OK"
[ 2026-01-26 14:52:23,443 ] 107 dagshub - INFO - Accessing as MxSAAHIL
[ 2026-01-26 14:52:24,745 ] 1025 httpx - INFO - HTTP Request: GET https://dagshub.com/api/v1/repos/MxSAAHIL/Network-security "HTTP/1.1 200 OK"
[ 2026-01-26 14:52:26,010 ] 1025 httpx - INFO - HTTP Request: GET https://dagshub.com/api/v1/user "HTTP/1.1 200 OK"
[ 2026-01-26 14:52:26,010 ] 107 dagshub - INFO - Initialized MLflow to track repo "MxSAAHIL/Network-security"
[ 2026-01-26 14:52:26,010 ] 107 dagshub - INFO - Repository MxSAAHIL/Network-security initialized!
[ 2026-01-26 14:52:27,419 ] 20 root - INFO - Initiate the data ingestion
[ 2026-01-26 14:52:32,756 ] 65 root - INFO - Performed train test split on the dataframe
[ 2026-01-26 14:52:32,756 ] 67 root - INFO - Exited split_data_as_train_test method of Data_Ingestion class
[ 2026-01-26 14:52:32,757 ] 75 root - INFO - Exporting train and test file path.
[ 2026-01-26 14:52:32,855 ] 84 root - INFO - Exported train and test file path.
[ 2026-01-26 14:52:32,856 ] 22 root - INFO - Data Initiation Completed
[ 2026-01-26 14:52:32,885 ] 26 root - INFO - Initiate the data Validation
[ 2026-01-26 14:52:32,957 ] 32 root - INFO - Required number of columns:2
[ 2026-01-26 14:52:32,957 ] 33 root - INFO - Data frame has columns:31
[ 2026-01-26 14:52:32,958 ] 32 root - INFO - Required number of columns:2
[ 2026-01-26 14:52:32,958 ] 33 root - INFO - Data frame has columns:31
[ 2026-01-26 14:52:33,176 ] 28 root - INFO - data Validation Completed
[ 2026-01-26 14:52:33,176 ] 31 root - INFO - data Transformation started
[ 2026-01-26 14:52:33,176 ] 63 root - INFO - Entered initiate_data_transformation method of DataTransformation class
[ 2026-01-26 14:52:33,176 ] 65 root - INFO - Starting data transformation
[ 2026-01-26 14:52:33,211 ] 48 root - INFO - Entered get_data_trnasformer_object method of Trnasformation class
[ 2026-01-26 14:52:33,211 ] 53 root - INFO - Initialise KNNImputer with {'missing_values': nan, 'n_neighbors': 3, 'weights': 'uniform'}
[ 2026-01-26 14:52:33,232 ] 46 root - INFO - Entered the save_object method of MainUtils class
[ 2026-01-26 14:52:33,237 ] 50 root - INFO - Exited the save_object method of MainUtils class
[ 2026-01-26 14:52:33,238 ] 46 root - INFO - Entered the save_object method of MainUtils class
[ 2026-01-26 14:52:33,245 ] 50 root - INFO - Exited the save_object method of MainUtils class
[ 2026-01-26 14:52:33,246 ] 35 root - INFO - data Transformation completed
[ 2026-01-26 14:52:33,247 ] 37 root - INFO - Model Training sstared
[ 2026-01-26 14:53:28,940 ] 46 root - INFO - Entered the save_object method of MainUtils class
[ 2026-01-26 14:53:28,961 ] 50 root - INFO - Exited the save_object method of MainUtils class
[ 2026-01-26 14:53:28,962 ] 46 root - INFO - Entered the save_object method of MainUtils class
[ 2026-01-26 14:53:28,963 ] 50 root - INFO - Exited the save_object method of MainUtils class
[ 2026-01-26 14:53:28,963 ] 150 root - INFO - Model trainer artifact: ModelTrainerArtifact(trained_model_file_path='Artifacts\\01_26_2026_14_52_11\\model_trainer\\trained_model\\model.pkl', train_metric_artifact=ClassificationMetricArtifact(f1_score=0.9918913440097303, precision_score=0.98948432760364, recall_score=0.9943100995732574), test_metric_artifact=ClassificationMetricArtifact(f1_score=0.9744, precision_score=0.9636075949367089, recall_score=0.9854368932038835))
[ 2026-01-26 14:53:28,974 ] 42 root - INFO - Model Training artifact created
